<html>
<body>
<pre>
<h1>Vision Build Log</h1>
<h2>Project:</h2>
C:\Users\Guoguang\Desktop\Dooya_0411 (2) - 副本\proj\stm32f1\keil\sac_dbg.uvproj
Project File Date:  02/23/2017

<h2>Output:</h2>
Build target 'sac_dbg'
compiling app_protocol_i.c...
..\..\..\example\common\app_protocol_i.c(356): warning:  #223-D: function "dooya_get_status" declared implicitly
                                                        rc = dooya_get_status(frm_buf + 6, 8);
..\..\..\example\common\app_protocol_i.c(356): warning:  #188-D: enumerated type mixed with another type
                                                        rc = dooya_get_status(frm_buf + 6, 8);
..\..\..\example\common\app_protocol_i.c(360): warning:  #223-D: function "dooya_get_error" declared implicitly
                                                        rc = dooya_get_error(frm_buf + 5, 1);
..\..\..\example\common\app_protocol_i.c(360): warning:  #188-D: enumerated type mixed with another type
                                                        rc = dooya_get_error(frm_buf + 5, 1);
..\..\..\example\common\app_protocol_i.c: 4 warnings, 0 errors
linking...
Program Size: Code=32066 RO-data=838 RW-data=1412 ZI-data=6796  
After Build - User command #1: fromelf --bin --output=output_sac_dbg\sac_dbg.bin output_sac_dbg\sac_dbg.axf
After Build - User command #2: ..\..\..\arch\img_pkg_win.exe -i output_sac_dbg\sac_dbg.bin -o output_sac_dbg\sac_dbg.img -t stm32f1
version Dooya 1.0  @Apr 12 2017 18:26:21
".\output_sac_dbg\sac_dbg.axf" - 0 Error(s), 4 Warning(s).
Load "C:\\Users\\Guoguang\\Desktop\\Dooya_0411 (2) - 副本\\proj\\stm32f1\\keil\\output_sac_dbg\\sac_dbg.axf" 
Set JLink Project File to "C:\Users\Guoguang\Desktop\Dooya_0411 (2) - 副本\proj\stm32f1\keil\JLinkSettings.ini"
* JLink Info: Device "STM32F103CB" selected (128 KB flash, 20 KB RAM).
 
JLink info:
------------
DLL: V4.80g, compiled Feb 13 2014 20:50:02
Firmware: J-Link ARM-OB STM32 compiled Aug 22 2012 19:52:04
Hardware: V7.00
S/N : 20090928 
Feature(s) : RDI,FlashDL,FlashBP,JFlash,GDBFull 
 
* JLink Info: STM32F1xxx: Can not attach to CPU. Trying connect under reset.
Error: Flash Download failed  -  Target DLL has been cancelled
Load "C:\\Users\\Guoguang\\Desktop\\Dooya_0411 (2) - 副本\\proj\\stm32f1\\keil\\output_sac_dbg\\sac_dbg.axf" 
Set JLink Project File to "C:\Users\Guoguang\Desktop\Dooya_0411 (2) - 副本\proj\stm32f1\keil\JLinkSettings.ini"
* JLink Info: Device "STM32F103CB" selected (128 KB flash, 20 KB RAM).
 
JLink info:
------------
DLL: V4.80g, compiled Feb 13 2014 20:50:02
Firmware: J-Link ARM-OB STM32 compiled Aug 22 2012 19:52:04
Hardware: V7.00
S/N : 20090928 
Feature(s) : RDI,FlashDL,FlashBP,JFlash,GDBFull 
 
* JLink Info: Found SWD-DP with ID 0x1BA01477
* JLink Info: Found SWD-DP with ID 0x1BA01477
* JLink Info: Found Cortex-M3 r1p1, Little endian.
* JLink Info: FPUnit: 6 code (BP) slots and 2 literal slots
* JLink Info: TPIU fitted.
ROMTableAddr = 0xE00FF003
 
Target info:
------------
Device: STM32F103CB
VTarget = 3.300V
State of Pins: 
TCK: 0, TDI: 0, TDO: 1, TMS: 0, TRES: 1, TRST: 1
Hardware-Breakpoints: 6
Software-Breakpoints: 8192
Watchpoints:          4
JTAG speed: 500 kHz
 
Erase Done.
Programming Done.
Verify OK.
Application running ...
</pre>
</body>
</html>
k Info: Found SWD-DP with ID 0x1BA01477
* JLink Info: Found SWD-DP with ID 0x1BA01477
* JLink Info: Found Cortex-M3 r1p1, Little endian.
* JLink Info: FPUnit: 6 code (BP) slots and 2 literal slots
* JLink Info: TPIU fitted.
ROMTableAddr = 0xE00FF003
 
Target info:
------------
Device: STM32F103CB
VTarget = 3.300V
State of Pins: 
TCK: 0, TDI: 0, TDO: 1, TMS: 0, TRES: 1, TRST: 1
Hardware-Breakpoints: 6
Software-Breakpoints: 8192
Watchpoints:          4
JTAG speed: 500 kHz
 
Erase Done.
Programming Done.
Verify OK.
Application running ...
ol_i.h(142): error:  #20: identifier "MSG_FUNC_BUILD" is undefined
        MSG_FUNC_BUILD                          func_build;
..\..\..\example\smart_ac\sac_protocol_i.c(73): warning:  #550-D: variable "p_data" was set but never used
        struct tag_msg_102_000_parse *p_data;
..\..\..\example\smart_ac\sac_protocol_i.c(121): error:  #268: declaration may not appear after executable statement in block
  enum tag_return_code dooya_get_error(struct tag_app_layer_hdr *p_app_hdr, u16 app_len)
..\..\..\example\smart_ac\sac_protocol_i.c(122): error:  #65: expected a ";"
  {
..\..\..\example\smart_ac\sac_protocol_i.c(144): warning:  #12-D: parsing restarts here after previous syntax error
        struct tag_msg_102_001_parse *p_data;
..\..\..\example\smart_ac\sac_protocol_i.c(146): warning:  #111-D: statement is unreachable
        p_data = (struct tag_msg_102_001_parse *)(p_app_hdr     + 1);
..\..\..\example\smart_ac\sac_protocol_i.c(146): error:  #513: a value of type "struct tag_msg_102_001_parse *" cannot be assigned to an entity of type "struct dooya_operation_4 *"
        p_data = (struct tag_msg_102_001_parse *)(p_app_hdr     + 1);
..\..\..\example\smart_ac\sac_protocol_i.c(158): error:  #268: declaration may not appear after executable statement in block
  static const struct   tag_msg_sub_switch msg_003_sw_tbl[]     =
..\..\..\example\smart_ac\sac_protocol_i.c(163): error:  #268: declaration may not appear after executable statement in block
  static const struct   tag_msg_sub_switch msg_101_sw_tbl[]     =
..\..\..\example\smart_ac\sac_protocol_i.c(168): error:  #268: declaration may not appear after executable statement in block
  static const struct   tag_msg_sub_switch msg_102_sw_tbl[]     =
..\..\..\example\smart_ac\sac_protocol_i.c(171): error:  #20: identifier "msg_102_001_build_get_status_2" is undefined
        {       STPM_102_001_GET_STATUS_2,      msg_102_001_build_get_status_2,                                 msg_102_001_parse_get_status_2          }
..\..\..\example\smart_ac\sac_protocol_i.c(171): error:  #20: identifier "msg_102_001_parse_get_status_2" is undefined
        {       STPM_102_001_GET_STATUS_2,      msg_102_001_build_get_status_2,                                 msg_102_001_parse_get_status_2          }
..\..\..\example\smart_ac\sac_protocol_i.c(174): error:  #268: declaration may not appear after executable statement in block
  static const struct   tag_msg_switch msg_sw_tbl[]     =
..\..\..\example\smart_ac\sac_protocol_i.c(181): error:  #268: declaration may not appear after executable statement in block
  const struct tag_msg_switch *p_msg_sw_tbl = msg_sw_tbl;
..\..\..\example\smart_ac\sac_protocol_i.c(181): warning:  #185-D: dynamic initialization in unreachable code
  const struct tag_msg_switch *p_msg_sw_tbl = msg_sw_tbl;
..\..\..\example\smart_ac\sac_protocol_i.c(182): error:  #268: declaration may not appear after executable statement in block
  const u8 msg_sw_tbl_item_num = sizeof(msg_sw_tbl)/sizeof(msg_sw_tbl[0]);
..\..\..\example\smart_ac\sac_protocol_i.c(181): warning:  #177-D: variable "p_msg_sw_tbl" was declared but never referenced
  const struct tag_msg_switch *p_msg_sw_tbl = msg_sw_tbl;
..\..\..\example\smart_ac\sac_protocol_i.c(182): warning:  #177-D: variable "msg_sw_tbl_item_num" was declared but never referenced
  const u8 msg_sw_tbl_item_num = sizeof(msg_sw_tbl)/sizeof(msg_sw_tbl[0]);
..\..\..\example\smart_ac\sac_protocol_i.c(183): error: At end of source:  #67: expected a "}"
..\..\..\example\smart_ac\sac_protocol_i.c(183): error: At end of source:  #67: expected a "}"
..\..\..\example\smart_ac\sac_protocol_i.c(183): error: At end of source:  #67: expected a "}"
..\..\..\example\smart_ac\sac_protocol_i.c(183): error: At end of source:  #67: expected a "}"
..\..\..\example\smart_ac\sac_protocol_i.c: 7 warnings, 21 errors
".\output_sac_dbg\sac_dbg.axf" - 27 Error(s), 12 Warning(s).
Target not created
